#
# A fatal error has been detected by the Java Runtime Environment:
#
#  SIGSEGV (0xb) at pc=0x0000003826c278b8, pid=14863, tid=139933007554304
#
# JRE version: 7.0_06-b24
# Java VM: Java HotSpot(TM) 64-Bit Server VM (23.2-b09 mixed mode linux-amd64 compressed oops)
# Problematic frame:
# C  [libdbus-1.so.3+0x278b8]  getenv+0x278b8
#
# Failed to write core dump. Core dumps have been disabled. To enable core dumping, try "ulimit -c unlimited" before starting Java again
#
# If you would like to submit a bug report, please visit:
#   http://bugreport.sun.com/bugreport/crash.jsp
# The crash happened outside the Java Virtual Machine in native code.
# See problematic frame for where to report the bug.
#

---------------  T H R E A D  ---------------

Current thread (0x00007f4474037000):  JavaThread "pool-2-thread-1" [_thread_in_native, id=14888, stack(0x00007f44b1252000,0x00007f44b1353000)]

siginfo:si_signo=SIGSEGV: si_errno=0, si_code=1 (SEGV_MAPERR), si_addr=0x0000000000000008

Registers:
RAX=0x00007f4460012850, RBX=0x00007f446c02c170, RCX=0x000000382200e61d, RDX=0x0000000000000000
RSP=0x00007f44b134ecd8, RBP=0x00007f446c02db80, RSI=0x00007f446c02b708, RDI=0x00007f446c02c250
R8 =0x00007f446c02dbd0, R9 =0x00007f446c02dcf0, R10=0x0000000000000000, R11=0x0000000000000000
R12=0x00007f446c02c250, R13=0x00000000000000b8, R14=0x00007f446c02bb48, R15=0x0000000000000028
RIP=0x0000003826c278b8, EFLAGS=0x0000000000010206, CSGSFS=0x0000000000000033, ERR=0x0000000000000006
  TRAPNO=0x000000000000000e

Top of Stack: (sp=0x00007f44b134ecd8)
0x00007f44b134ecd8:   0000003826c0c449 00007f446c02db80
0x00007f44b134ece8:   00007f446c02b708 00007f446c02ba90
0x00007f44b134ecf8:   00000000000000b8 00007f446c02db80
0x00007f44b134ed08:   0000003826c24e4c 0000000000000028
0x00007f44b134ed18:   0000000000000000 0000000000000000
0x00007f44b134ed28:   00007f446c02db88 0000000000000081
0x00007f44b134ed38:   00007f446c02db88 00007f446c02dbd0
0x00007f44b134ed48:   0000000000000000 0000000000000001
0x00007f44b134ed58:   00007f446c02ba90 00007f446c02ba90
0x00007f44b134ed68:   0000000000000001 00000000ffffffff
0x00007f44b134ed78:   00000000ffffffff 0000000000000001
0x00007f44b134ed88:   0000003826c25136 0000000000000000
0x00007f44b134ed98:   00007f446c02c170 000000000000002e
0x00007f44b134eda8:   0000003826c1a89c 0000003826c311d6
0x00007f44b134edb8:   00007f446c02ba90 00007f446c02c170
0x00007f44b134edc8:   0000000000000001 00000000ffffffff
0x00007f44b134edd8:   00007f44b134f0c8 0000000000000001
0x00007f44b134ede8:   0000003826c23ecd 00000000ffffffff
0x00007f44b134edf8:   0000000000000001 0000000000000000
0x00007f44b134ee08:   0000003826c0edd4 00007f446c02c170
0x00007f44b134ee18:   00007f446c02db80 0000000000000008
0x00007f44b134ee28:   0000000000000000 00007f44b134f0c8
0x00007f44b134ee38:   0000003826c0eef2 00007f446c02c170
0x00007f44b134ee48:   00007f446c02c170 00007f446c02db80
0x00007f44b134ee58:   0000000000000000 00007f44b134f0cc
0x00007f44b134ee68:   0000003826c0fc67 00007f446c02db80
0x00007f44b134ee78:   0000000000000000 00007f446c02c170
0x00007f44b134ee88:   0000003826c0bf64 00007f446c02c170
0x00007f44b134ee98:   0000003831828558 0000000000000001
0x00007f44b134eea8:   00007f44b134f0d0 00007f44b134f0d8
0x00007f44b134eeb8:   000000383181e5cc 0000000000000000
0x00007f44b134eec8:   0000000000000000 00000038318024d9 

Instructions: (pc=0x0000003826c278b8)
0x0000003826c27898:   48 89 03 89 d0 5b c3 90 48 8b 07 48 85 c0 74 28
0x0000003826c278a8:   48 89 46 08 48 8b 10 48 89 16 48 89 30 48 8b 16
0x0000003826c278b8:   48 89 72 08 48 3b 07 74 07 f3 c3 0f 1f 44 00 00
0x0000003826c278c8:   48 89 37 c3 0f 1f 40 00 48 89 36 48 89 76 08 48 

Register to memory mapping:

RAX=0x00007f4460012850 is an unknown value
RBX=0x00007f446c02c170 is an unknown value
RCX=0x000000382200e61d: sendmsg+0x2d in /lib64/libpthread.so.0 at 0x0000003822000000
RDX=0x0000000000000000 is an unknown value
RSP=0x00007f44b134ecd8 is pointing into the stack for thread: 0x00007f4474037000
RBP=0x00007f446c02db80 is an unknown value
RSI=0x00007f446c02b708 is an unknown value
RDI=0x00007f446c02c250 is an unknown value
R8 =0x00007f446c02dbd0 is an unknown value
R9 =0x00007f446c02dcf0 is an unknown value
R10=0x0000000000000000 is an unknown value
R11=0x0000000000000000 is an unknown value
R12=0x00007f446c02c250 is an unknown value
R13=0x00000000000000b8 is an unknown value
R14=0x00007f446c02bb48 is an unknown value
R15=0x0000000000000028 is an unknown value


Stack: [0x00007f44b1252000,0x00007f44b1353000],  sp=0x00007f44b134ecd8,  free space=1011k
Native frames: (J=compiled Java code, j=interpreted, Vv=VM code, C=native code)
C  [libdbus-1.so.3+0x278b8]  getenv+0x278b8

Java frames: (J=compiled Java code, j=interpreted, Vv=VM code)
j  sun.net.spi.DefaultProxySelector.getSystemProxy(Ljava/lang/String;Ljava/lang/String;)Ljava/net/Proxy;+0
j  sun.net.spi.DefaultProxySelector.access$100(Lsun/net/spi/DefaultProxySelector;Ljava/lang/String;Ljava/lang/String;)Ljava/net/Proxy;+3
j  sun.net.spi.DefaultProxySelector$2.run()Ljava/net/Proxy;+151
j  sun.net.spi.DefaultProxySelector$2.run()Ljava/lang/Object;+1
v  ~StubRoutines::call_stub
j  java.security.AccessController.doPrivileged(Ljava/security/PrivilegedAction;)Ljava/lang/Object;+0
j  sun.net.spi.DefaultProxySelector.select(Ljava/net/URI;)Ljava/util/List;+223
j  java.net.SocksSocketImpl.connect(Ljava/net/SocketAddress;I)V+300
j  java.net.Socket.connect(Ljava/net/SocketAddress;I)V+179
j  org.apache.maven.wagon.providers.http.httpclient.conn.scheme.PlainSocketFactory.connectSocket(Ljava/net/Socket;Ljava/net/InetSocketAddress;Ljava/net/InetSocketAddress;Lorg/apache/maven/wagon/providers/http/httpclient/params/HttpParams;)Ljava/net/Socket;+89
j  org.apache.maven.wagon.providers.http.httpclient.impl.conn.DefaultClientConnectionOperator.openConnection(Lorg/apache/maven/wagon/providers/http/httpclient/conn/OperatedClientConnection;Lorg/apache/maven/wagon/providers/http/httpclient/HttpHost;Ljava/net/InetAddress;Lorg/apache/maven/wagon/providers/http/httpclient/protocol/HttpContext;Lorg/apache/maven/wagon/providers/http/httpclient/params/HttpParams;)V+241
j  org.apache.maven.wagon.providers.http.httpclient.impl.conn.AbstractPoolEntry.open(Lorg/apache/maven/wagon/providers/http/httpclient/conn/routing/HttpRoute;Lorg/apache/maven/wagon/providers/http/httpclient/protocol/HttpContext;Lorg/apache/maven/wagon/providers/http/httpclient/params/HttpParams;)V+101
j  org.apache.maven.wagon.providers.http.httpclient.impl.conn.AbstractPooledConnAdapter.open(Lorg/apache/maven/wagon/providers/http/httpclient/conn/routing/HttpRoute;Lorg/apache/maven/wagon/providers/http/httpclient/protocol/HttpContext;Lorg/apache/maven/wagon/providers/http/httpclient/params/HttpParams;)V+17
j  org.apache.maven.wagon.providers.http.httpclient.impl.client.DefaultRequestDirector.tryConnect(Lorg/apache/maven/wagon/providers/http/httpclient/impl/client/RoutedRequest;Lorg/apache/maven/wagon/providers/http/httpclient/protocol/HttpContext;)V+33
j  org.apache.maven.wagon.providers.http.httpclient.impl.client.DefaultRequestDirector.execute(Lorg/apache/maven/wagon/providers/http/httpclient/HttpHost;Lorg/apache/maven/wagon/providers/http/httpclient/HttpRequest;Lorg/apache/maven/wagon/providers/http/httpclient/protocol/HttpContext;)Lorg/apache/maven/wagon/providers/http/httpclient/HttpResponse;+345
j  org.apache.maven.wagon.providers.http.httpclient.impl.client.AbstractHttpClient.execute(Lorg/apache/maven/wagon/providers/http/httpclient/HttpHost;Lorg/apache/maven/wagon/providers/http/httpclient/HttpRequest;Lorg/apache/maven/wagon/providers/http/httpclient/protocol/HttpContext;)Lorg/apache/maven/wagon/providers/http/httpclient/HttpResponse;+129
j  org.apache.maven.wagon.providers.http.httpclient.impl.client.AbstractHttpClient.execute(Lorg/apache/maven/wagon/providers/http/httpclient/client/methods/HttpUriRequest;Lorg/apache/maven/wagon/providers/http/httpclient/protocol/HttpContext;)Lorg/apache/maven/wagon/providers/http/httpclient/HttpResponse;+21
j  org.apache.maven.wagon.shared.http4.AbstractHttpClientWagon.execute(Lorg/apache/maven/wagon/providers/http/httpclient/client/methods/HttpUriRequest;)Lorg/apache/maven/wagon/providers/http/httpclient/HttpResponse;+162
j  org.apache.maven.wagon.shared.http4.AbstractHttpClientWagon.fillInputData(Lorg/apache/maven/wagon/InputData;)V+181
j  org.apache.maven.wagon.StreamWagon.getInputStream(Lorg/apache/maven/wagon/resource/Resource;)Ljava/io/InputStream;+15
j  org.apache.maven.wagon.StreamWagon.getIfNewer(Ljava/lang/String;Ljava/io/File;J)Z+29
j  org.apache.maven.wagon.StreamWagon.get(Ljava/lang/String;Ljava/io/File;)V+4
j  org.sonatype.aether.connector.wagon.WagonRepositoryConnector$GetTask.run()V+285
j  org.sonatype.aether.util.concurrency.RunnableErrorForwarder$1.run()V+4
j  java.util.concurrent.ThreadPoolExecutor.runWorker(Ljava/util/concurrent/ThreadPoolExecutor$Worker;)V+46
j  java.util.concurrent.ThreadPoolExecutor$Worker.run()V+5
j  java.lang.Thread.run()V+11
v  ~StubRoutines::call_stub

---------------  P R O C E S S  ---------------

Java Threads: ( => current thread )
=>0x00007f4474037000 JavaThread "pool-2-thread-1" [_thread_in_native, id=14888, stack(0x00007f44b1252000,0x00007f44b1353000)]
  0x00007f44680b6800 JavaThread "pool-3-thread-1" [_thread_in_native, id=14887, stack(0x00007f44b1353000,0x00007f44b1454000)]
  0x00007f44bc655800 JavaThread "pool-1-thread-2" [_thread_blocked, id=14886, stack(0x00007f44b16a7000,0x00007f44b17a8000)]
  0x00007f44bc659800 JavaThread "pool-1-thread-1" [_thread_blocked, id=14885, stack(0x00007f44b17a8000,0x00007f44b18a9000)]
  0x00007f44bc543800 JavaThread "process reaper" daemon [_thread_blocked, id=14883, stack(0x00007f44b18a9000,0x00007f44b18d1000)]
  0x00007f44bc0f0000 JavaThread "Service Thread" daemon [_thread_blocked, id=14877, stack(0x00007f44b1e2f000,0x00007f44b1f30000)]
  0x00007f44bc0ed800 JavaThread "C2 CompilerThread1" daemon [_thread_blocked, id=14876, stack(0x00007f44b804c000,0x00007f44b814d000)]
  0x00007f44bc0ea800 JavaThread "C2 CompilerThread0" daemon [_thread_blocked, id=14875, stack(0x00007f44b814d000,0x00007f44b824e000)]
  0x00007f44bc0e8800 JavaThread "Signal Dispatcher" daemon [_thread_blocked, id=14874, stack(0x00007f44b824e000,0x00007f44b834f000)]
  0x00007f44bc09a800 JavaThread "Finalizer" daemon [_thread_blocked, id=14873, stack(0x00007f44b834f000,0x00007f44b8450000)]
  0x00007f44bc098800 JavaThread "Reference Handler" daemon [_thread_blocked, id=14872, stack(0x00007f44b8450000,0x00007f44b8551000)]
  0x00007f44bc008000 JavaThread "main" [_thread_blocked, id=14866, stack(0x00007f44c216e000,0x00007f44c226f000)]

Other Threads:
  0x00007f44bc091000 VMThread [stack: 0x00007f44b8551000,0x00007f44b8652000] [id=14871]
  0x00007f44bc0fa800 WatcherThread [stack: 0x00007f44b1d2e000,0x00007f44b1e2f000] [id=14878]

VM state:not at safepoint (normal execution)

VM Mutex/Monitor currently owned by a thread: None

Heap
 PSYoungGen      total 36096K, used 12182K [0x00000000ebd60000, 0x00000000ee7e0000, 0x0000000100000000)
  eden space 30400K, 22% used [0x00000000ebd60000,0x00000000ec403440,0x00000000edb10000)
  from space 5696K, 94% used [0x00000000ee130000,0x00000000ee672678,0x00000000ee6c0000)
  to   space 6272K, 0% used [0x00000000edb10000,0x00000000edb10000,0x00000000ee130000)
 ParOldGen       total 41280K, used 6561K [0x00000000c3800000, 0x00000000c6050000, 0x00000000ebd60000)
  object space 41280K, 15% used [0x00000000c3800000,0x00000000c3e686d0,0x00000000c6050000)
 PSPermGen       total 21248K, used 15191K [0x00000000be600000, 0x00000000bfac0000, 0x00000000c3800000)
  object space 21248K, 71% used [0x00000000be600000,0x00000000bf4d5d50,0x00000000bfac0000)

Card table byte_map: [0x00007f44c161f000,0x00007f44c182d000] byte_map_base: 0x00007f44c102c000

Polling page: 0x00007f44c31cd000

Code Cache  [0x00007f44b9000000, 0x00007f44b9270000, 0x00007f44bc000000)
 total_blobs=528 nmethods=244 adapters=236 free_code_cache=48045Kb largest_free_block=49160256

Compilation events (10 events):
Event: 18,758 Thread 0x00007f44bc0ed800 nmethod 246 0x00007f44b90ca1d0 code [0x00007f44b90ca340, 0x00007f44b90ca488]
Event: 18,787 Thread 0x00007f44bc0ed800  247             java.net.URL::getProtocol (5 bytes)
Event: 18,788 Thread 0x00007f44bc0ed800 nmethod 247 0x00007f44b90c9fd0 code [0x00007f44b90ca100, 0x00007f44b90ca158]
Event: 18,797 Thread 0x00007f44bc0ea800 nmethod 245 0x00007f44b90cadd0 code [0x00007f44b90cafe0, 0x00007f44b90cb6e0]
Event: 18,881 Thread 0x00007f44bc0ed800  248             sun.reflect.ClassFileAssembler::emitConstantPoolUTF8 (50 bytes)
Event: 18,964 Thread 0x00007f44bc0ed800 nmethod 248 0x00007f44b90c6750 code [0x00007f44b90c6920, 0x00007f44b90c74b0]
Event: 18,974 Thread 0x00007f44bc0ea800  249             java.util.Arrays::copyOf (19 bytes)
Event: 18,983 Thread 0x00007f44bc0ea800 nmethod 249 0x00007f44b90ca790 code [0x00007f44b90ca8e0, 0x00007f44b90caab8]
Event: 19,113 Thread 0x00007f44bc0ed800  250   !         java.util.zip.ZipFile::getEntry (86 bytes)
Event: 19,139 Thread 0x00007f44bc0ed800 nmethod 250 0x00007f44b90c5710 code [0x00007f44b90c5900, 0x00007f44b90c6078]

GC Heap History (10 events):
Event: 8,261 GC heap before
{Heap before GC invocations=2 (full 0):
 PSYoungGen      total 18048K, used 18037K [0x00000000ebd60000, 0x00000000ed180000, 0x0000000100000000)
  eden space 15488K, 100% used [0x00000000ebd60000,0x00000000ecc80000,0x00000000ecc80000)
  from space 2560K, 99% used [0x00000000ecc80000,0x00000000ecefd4d0,0x00000000ecf00000)
  to   space 2560K, 0% used [0x00000000ecf00000,0x00000000ecf00000,0x00000000ed180000)
 ParOldGen       total 41280K, used 690K [0x00000000c3800000, 0x00000000c6050000, 0x00000000ebd60000)
  object space 41280K, 1% used [0x00000000c3800000,0x00000000c38ac940,0x00000000c6050000)
 PSPermGen       total 21248K, used 7618K [0x00000000be600000, 0x00000000bfac0000, 0x00000000c3800000)
  object space 21248K, 35% used [0x00000000be600000,0x00000000bed70be0,0x00000000bfac0000)
Event: 8,280 GC heap after
Heap after GC invocations=2 (full 0):
 PSYoungGen      total 18048K, used 2512K [0x00000000ebd60000, 0x00000000ed180000, 0x0000000100000000)
  eden space 15488K, 0% used [0x00000000ebd60000,0x00000000ebd60000,0x00000000ecc80000)
  from space 2560K, 98% used [0x00000000ecf00000,0x00000000ed174280,0x00000000ed180000)
  to   space 2560K, 0% used [0x00000000ecc80000,0x00000000ecc80000,0x00000000ecf00000)
 ParOldGen       total 41280K, used 690K [0x00000000c3800000, 0x00000000c6050000, 0x00000000ebd60000)
  object space 41280K, 1% used [0x00000000c3800000,0x00000000c38ac940,0x00000000c6050000)
 PSPermGen       total 21248K, used 7618K [0x00000000be600000, 0x00000000bfac0000, 0x00000000c3800000)
  object space 21248K, 35% used [0x00000000be600000,0x00000000bed70be0,0x00000000bfac0000)
}
Event: 9,883 GC heap before
{Heap before GC invocations=3 (full 0):
 PSYoungGen      total 18048K, used 18000K [0x00000000ebd60000, 0x00000000ed180000, 0x0000000100000000)
  eden space 15488K, 100% used [0x00000000ebd60000,0x00000000ecc80000,0x00000000ecc80000)
  from space 2560K, 98% used [0x00000000ecf00000,0x00000000ed174280,0x00000000ed180000)
  to   space 2560K, 0% used [0x00000000ecc80000,0x00000000ecc80000,0x00000000ecf00000)
 ParOldGen       total 41280K, used 690K [0x00000000c3800000, 0x00000000c6050000, 0x00000000ebd60000)
  object space 41280K, 1% used [0x00000000c3800000,0x00000000c38ac940,0x00000000c6050000)
 PSPermGen       total 21248K, used 9773K [0x00000000be600000, 0x00000000bfac0000, 0x00000000c3800000)
  object space 21248K, 45% used [0x00000000be600000,0x00000000bef8b4b8,0x00000000bfac0000)
Event: 9,906 GC heap after
Heap after GC invocations=3 (full 0):
 PSYoungGen      total 18048K, used 2528K [0x00000000ebd60000, 0x00000000ed180000, 0x0000000100000000)
  eden space 15488K, 0% used [0x00000000ebd60000,0x00000000ebd60000,0x00000000ecc80000)
  from space 2560K, 98% used [0x00000000ecc80000,0x00000000ecef8020,0x00000000ecf00000)
  to   space 2560K, 0% used [0x00000000ecf00000,0x00000000ecf00000,0x00000000ed180000)
 ParOldGen       total 41280K, used 2243K [0x00000000c3800000, 0x00000000c6050000, 0x00000000ebd60000)
  object space 41280K, 5% used [0x00000000c3800000,0x00000000c3a30ea0,0x00000000c6050000)
 PSPermGen       total 21248K, used 9773K [0x00000000be600000, 0x00000000bfac0000, 0x00000000c3800000)
  object space 21248K, 45% used [0x00000000be600000,0x00000000bef8b4b8,0x00000000bfac0000)
}
Event: 12,968 GC heap before
{Heap before GC invocations=4 (full 0):
 PSYoungGen      total 18048K, used 18016K [0x00000000ebd60000, 0x00000000ed180000, 0x0000000100000000)
  eden space 15488K, 100% used [0x00000000ebd60000,0x00000000ecc80000,0x00000000ecc80000)
  from space 2560K, 98% used [0x00000000ecc80000,0x00000000ecef8020,0x00000000ecf00000)
  to   space 2560K, 0% used [0x00000000ecf00000,0x00000000ecf00000,0x00000000ed180000)
 ParOldGen       total 41280K, used 2243K [0x00000000c3800000, 0x00000000c6050000, 0x00000000ebd60000)
  object space 41280K, 5% used [0x00000000c3800000,0x00000000c3a30ea0,0x00000000c6050000)
 PSPermGen       total 21248K, used 12340K [0x00000000be600000, 0x00000000bfac0000, 0x00000000c3800000)
  object space 21248K, 58% used [0x00000000be600000,0x00000000bf20d190,0x00000000bfac0000)
Event: 12,998 GC heap after
Heap after GC invocations=4 (full 0):
 PSYoungGen      total 18048K, used 2544K [0x00000000ebd60000, 0x00000000ed180000, 0x0000000100000000)
  eden space 15488K, 0% used [0x00000000ebd60000,0x00000000ebd60000,0x00000000ecc80000)
  from space 2560K, 99% used [0x00000000ecf00000,0x00000000ed17c010,0x00000000ed180000)
  to   space 2560K, 0% used [0x00000000ecc80000,0x00000000ecc80000,0x00000000ecf00000)
 ParOldGen       total 41280K, used 4530K [0x00000000c3800000, 0x00000000c6050000, 0x00000000ebd60000)
  object space 41280K, 10% used [0x00000000c3800000,0x00000000c3c6cb30,0x00000000c6050000)
 PSPermGen       total 21248K, used 12340K [0x00000000be600000, 0x00000000bfac0000, 0x00000000c3800000)
  object space 21248K, 58% used [0x00000000be600000,0x00000000bf20d190,0x00000000bfac0000)
}
Event: 15,828 GC heap before
{Heap before GC invocations=5 (full 0):
 PSYoungGen      total 18048K, used 18032K [0x00000000ebd60000, 0x00000000ed180000, 0x0000000100000000)
  eden space 15488K, 100% used [0x00000000ebd60000,0x00000000ecc80000,0x00000000ecc80000)
  from space 2560K, 99% used [0x00000000ecf00000,0x00000000ed17c010,0x00000000ed180000)
  to   space 2560K, 0% used [0x00000000ecc80000,0x00000000ecc80000,0x00000000ecf00000)
 ParOldGen       total 41280K, used 4530K [0x00000000c3800000, 0x00000000c6050000, 0x00000000ebd60000)
  object space 41280K, 10% used [0x00000000c3800000,0x00000000c3c6cb30,0x00000000c6050000)
 PSPermGen       total 21248K, used 12392K [0x00000000be600000, 0x00000000bfac0000, 0x00000000c3800000)
  object space 21248K, 58% used [0x00000000be600000,0x00000000bf21a1c0,0x00000000bfac0000)
Event: 15,898 GC heap after
Heap after GC invocations=5 (full 0):
 PSYoungGen      total 18048K, used 2560K [0x00000000ebd60000, 0x00000000ee6c0000, 0x0000000100000000)
  eden space 15488K, 0% used [0x00000000ebd60000,0x00000000ebd60000,0x00000000ecc80000)
  from space 2560K, 100% used [0x00000000ecc80000,0x00000000ecf00000,0x00000000ecf00000)
  to   space 5696K, 0% used [0x00000000ee130000,0x00000000ee130000,0x00000000ee6c0000)
 ParOldGen       total 41280K, used 6561K [0x00000000c3800000, 0x00000000c6050000, 0x00000000ebd60000)
  object space 41280K, 15% used [0x00000000c3800000,0x00000000c3e686d0,0x00000000c6050000)
 PSPermGen       total 21248K, used 12392K [0x00000000be600000, 0x00000000bfac0000, 0x00000000c3800000)
  object space 21248K, 58% used [0x00000000be600000,0x00000000bf21a1c0,0x00000000bfac0000)
}
Event: 18,500 GC heap before
{Heap before GC invocations=6 (full 0):
 PSYoungGen      total 18048K, used 18048K [0x00000000ebd60000, 0x00000000ee6c0000, 0x0000000100000000)
  eden space 15488K, 100% used [0x00000000ebd60000,0x00000000ecc80000,0x00000000ecc80000)
  from space 2560K, 100% used [0x00000000ecc80000,0x00000000ecf00000,0x00000000ecf00000)
  to   space 5696K, 0% used [0x00000000ee130000,0x00000000ee130000,0x00000000ee6c0000)
 ParOldGen       total 41280K, used 6561K [0x00000000c3800000, 0x00000000c6050000, 0x00000000ebd60000)
  object space 41280K, 15% used [0x00000000c3800000,0x00000000c3e686d0,0x00000000c6050000)
 PSPermGen       total 21248K, used 14323K [0x00000000be600000, 0x00000000bfac0000, 0x00000000c3800000)
  object space 21248K, 67% used [0x00000000be600000,0x00000000bf3fce40,0x00000000bfac0000)
Event: 18,589 GC heap after
Heap after GC invocations=6 (full 0):
 PSYoungGen      total 36096K, used 5385K [0x00000000ebd60000, 0x00000000ee7e0000, 0x0000000100000000)
  eden space 30400K, 0% used [0x00000000ebd60000,0x00000000ebd60000,0x00000000edb10000)
  from space 5696K, 94% used [0x00000000ee130000,0x00000000ee672678,0x00000000ee6c0000)
  to   space 6272K, 0% used [0x00000000edb10000,0x00000000edb10000,0x00000000ee130000)
 ParOldGen       total 41280K, used 6561K [0x00000000c3800000, 0x00000000c6050000, 0x00000000ebd60000)
  object space 41280K, 15% used [0x00000000c3800000,0x00000000c3e686d0,0x00000000c6050000)
 PSPermGen       total 21248K, used 14323K [0x00000000be600000, 0x00000000bfac0000, 0x00000000c3800000)
  object space 21248K, 67% used [0x00000000be600000,0x00000000bf3fce40,0x00000000bfac0000)
}

Deoptimization events (10 events):
Event: 13,706 Thread 0x00007f44bc008000 Uncommon trap -12 fr.pc 0x00007f44b90e1290
Event: 13,868 Thread 0x00007f44bc008000 Uncommon trap -12 fr.pc 0x00007f44b90cfcec
Event: 13,968 Thread 0x00007f44bc008000 Uncommon trap -12 fr.pc 0x00007f44b90af9d4
Event: 14,589 Thread 0x00007f44bc008000 Uncommon trap -12 fr.pc 0x00007f44b90ea884
Event: 17,105 Thread 0x00007f44bc655800 Uncommon trap -83 fr.pc 0x00007f44b907a7f8
Event: 17,818 Thread 0x00007f44bc655800 Uncommon trap -34 fr.pc 0x00007f44b90f4444
Event: 18,377 Thread 0x00007f44bc655800 Uncommon trap -34 fr.pc 0x00007f44b90f4444
Event: 18,691 Thread 0x00007f44bc655800 Uncommon trap -34 fr.pc 0x00007f44b90f4444
Event: 18,729 Thread 0x00007f44bc655800 Uncommon trap -34 fr.pc 0x00007f44b90f4444
Event: 18,803 Thread 0x00007f44bc659800 Uncommon trap -83 fr.pc 0x00007f44b90bd264

Internal exceptions (10 events):
Event: 19,209 Thread 0x00007f4474037000 Threw 0x00000000ec3d8da0 at /HUDSON/workspace/jdk7u6-2-build-linux-amd64-product/jdk7u6/hotspot/src/share/vm/prims/jvm.cpp:1166
Event: 19,209 Thread 0x00007f4474037000 Threw 0x00000000ec3d93f0 at /HUDSON/workspace/jdk7u6-2-build-linux-amd64-product/jdk7u6/hotspot/src/share/vm/prims/jvm.cpp:1166
Event: 19,215 Thread 0x00007f4474037000 Threw 0x00000000ec3e6120 at /HUDSON/workspace/jdk7u6-2-build-linux-amd64-product/jdk7u6/hotspot/src/share/vm/prims/jvm.cpp:1166
Event: 19,215 Thread 0x00007f4474037000 Threw 0x00000000ec3e67b0 at /HUDSON/workspace/jdk7u6-2-build-linux-amd64-product/jdk7u6/hotspot/src/share/vm/prims/jvm.cpp:1166
Event: 19,216 Thread 0x00007f4474037000 Threw 0x00000000ec3ec320 at /HUDSON/workspace/jdk7u6-2-build-linux-amd64-product/jdk7u6/hotspot/src/share/vm/prims/jvm.cpp:1166
Event: 19,216 Thread 0x00007f4474037000 Threw 0x00000000ec3ecb90 at /HUDSON/workspace/jdk7u6-2-build-linux-amd64-product/jdk7u6/hotspot/src/share/vm/prims/jvm.cpp:1166
Event: 19,218 Thread 0x00007f4474037000 Threw 0x00000000ec3f4c90 at /HUDSON/workspace/jdk7u6-2-build-linux-amd64-product/jdk7u6/hotspot/src/share/vm/prims/jvm.cpp:1166
Event: 19,218 Thread 0x00007f4474037000 Threw 0x00000000ec3f5500 at /HUDSON/workspace/jdk7u6-2-build-linux-amd64-product/jdk7u6/hotspot/src/share/vm/prims/jvm.cpp:1166
Event: 19,224 Thread 0x00007f44680b6800 Threw 0x00000000ec393b10 at /HUDSON/workspace/jdk7u6-2-build-linux-amd64-product/jdk7u6/hotspot/src/share/vm/prims/jvm.cpp:1166
Event: 19,224 Thread 0x00007f44680b6800 Threw 0x00000000ec394110 at /HUDSON/workspace/jdk7u6-2-build-linux-amd64-product/jdk7u6/hotspot/src/share/vm/prims/jvm.cpp:1166

Events (10 events):
Event: 19,956 loading class 0x00007f446c005080
Event: 19,957 loading class 0x00007f446c005080 done
Event: 19,965 loading class 0x00007f44bc0d92a0
Event: 19,966 loading class 0x00007f44bc0d92a0 done
Event: 19,966 loading class 0x00007f44bc0d92d0
Event: 19,966 loading class 0x00007f44bc0d92d0 done
Event: 20,036 loading class 0x00007f446c004c70
Event: 20,036 loading class 0x00007f446c004c70 done
Event: 20,036 Executing VM operation: RevokeBias
Event: 20,037 Executing VM operation: RevokeBias done


Dynamic libraries:
00400000-00401000 r-xp 00000000 fd:02 262331                             /usr/java/jdk1.7.0_06/bin/java
00600000-00601000 rw-p 00000000 fd:02 262331                             /usr/java/jdk1.7.0_06/bin/java
01f2d000-01f4e000 rw-p 00000000 00:00 0                                  [heap]
be600000-bfac0000 rw-p 00000000 00:00 0 
bfac0000-c3800000 rw-p 00000000 00:00 0 
c3800000-c6050000 rw-p 00000000 00:00 0 
c6050000-ebd60000 rw-p 00000000 00:00 0 
ebd60000-ee7e0000 rw-p 00000000 00:00 0 
ee7e0000-100000000 rw-p 00000000 00:00 0 
3821800000-3821820000 r-xp 00000000 fd:02 173274                         /usr/lib64/ld-2.15.so
3821a1f000-3821a20000 r--p 0001f000 fd:02 173274                         /usr/lib64/ld-2.15.so
3821a20000-3821a21000 rw-p 00020000 fd:02 173274                         /usr/lib64/ld-2.15.so
3821a21000-3821a22000 rw-p 00000000 00:00 0 
3821c00000-3821dac000 r-xp 00000000 fd:02 181112                         /usr/lib64/libc-2.15.so
3821dac000-3821fac000 ---p 001ac000 fd:02 181112                         /usr/lib64/libc-2.15.so
3821fac000-3821fb0000 r--p 001ac000 fd:02 181112                         /usr/lib64/libc-2.15.so
3821fb0000-3821fb2000 rw-p 001b0000 fd:02 181112                         /usr/lib64/libc-2.15.so
3821fb2000-3821fb7000 rw-p 00000000 00:00 0 
3822000000-3822016000 r-xp 00000000 fd:02 181115                         /usr/lib64/libpthread-2.15.so
3822016000-3822216000 ---p 00016000 fd:02 181115                         /usr/lib64/libpthread-2.15.so
3822216000-3822217000 r--p 00016000 fd:02 181115                         /usr/lib64/libpthread-2.15.so
3822217000-3822218000 rw-p 00017000 fd:02 181115                         /usr/lib64/libpthread-2.15.so
3822218000-382221c000 rw-p 00000000 00:00 0 
3822400000-3822403000 r-xp 00000000 fd:02 136427                         /usr/lib64/libdl-2.15.so
3822403000-3822602000 ---p 00003000 fd:02 136427                         /usr/lib64/libdl-2.15.so
3822602000-3822603000 r--p 00002000 fd:02 136427                         /usr/lib64/libdl-2.15.so
3822603000-3822604000 rw-p 00003000 fd:02 136427                         /usr/lib64/libdl-2.15.so
3822800000-3822807000 r-xp 00000000 fd:02 181116                         /usr/lib64/librt-2.15.so
3822807000-3822a06000 ---p 00007000 fd:02 181116                         /usr/lib64/librt-2.15.so
3822a06000-3822a07000 r--p 00006000 fd:02 181116                         /usr/lib64/librt-2.15.so
3822a07000-3822a08000 rw-p 00007000 fd:02 181116                         /usr/lib64/librt-2.15.so
3822c00000-3822c17000 r-xp 00000000 fd:02 181123                         /usr/lib64/libz.so.1.2.5
3822c17000-3822e16000 ---p 00017000 fd:02 181123                         /usr/lib64/libz.so.1.2.5
3822e16000-3822e17000 rw-p 00016000 fd:02 181123                         /usr/lib64/libz.so.1.2.5
3823000000-38230fa000 r-xp 00000000 fd:02 181113                         /usr/lib64/libm-2.15.so
38230fa000-38232f9000 ---p 000fa000 fd:02 181113                         /usr/lib64/libm-2.15.so
38232f9000-38232fa000 r--p 000f9000 fd:02 181113                         /usr/lib64/libm-2.15.so
38232fa000-38232fb000 rw-p 000fa000 fd:02 181113                         /usr/lib64/libm-2.15.so
3823400000-382341e000 r-xp 00000000 fd:02 181136                         /usr/lib64/libselinux.so.1
382341e000-382361d000 ---p 0001e000 fd:02 181136                         /usr/lib64/libselinux.so.1
382361d000-382361e000 r--p 0001d000 fd:02 181136                         /usr/lib64/libselinux.so.1
382361e000-382361f000 rw-p 0001e000 fd:02 181136                         /usr/lib64/libselinux.so.1
382361f000-3823621000 rw-p 00000000 00:00 0 
3823800000-382391d000 r-xp 00000000 fd:02 181117                         /usr/lib64/libglib-2.0.so.0.3200.4
382391d000-3823b1d000 ---p 0011d000 fd:02 181117                         /usr/lib64/libglib-2.0.so.0.3200.4
3823b1d000-3823b1e000 r--p 0011d000 fd:02 181117                         /usr/lib64/libglib-2.0.so.0.3200.4
3823b1e000-3823b1f000 rw-p 0011e000 fd:02 181117                         /usr/lib64/libglib-2.0.so.0.3200.4
3823b1f000-3823b20000 rw-p 00000000 00:00 0 
3823c00000-3823c16000 r-xp 00000000 fd:02 181137                         /usr/lib64/libresolv-2.15.so
3823c16000-3823e15000 ---p 00016000 fd:02 181137                         /usr/lib64/libresolv-2.15.so
3823e15000-3823e16000 r--p 00015000 fd:02 181137                         /usr/lib64/libresolv-2.15.so
3823e16000-3823e17000 rw-p 00016000 fd:02 181137                         /usr/lib64/libresolv-2.15.so
3823e17000-3823e19000 rw-p 00000000 00:00 0 
3824000000-3824001000 r-xp 00000000 fd:02 181130                         /usr/lib64/libgthread-2.0.so.0.3200.4
3824001000-3824200000 ---p 00001000 fd:02 181130                         /usr/lib64/libgthread-2.0.so.0.3200.4
3824200000-3824201000 r--p 00000000 fd:02 181130                         /usr/lib64/libgthread-2.0.so.0.3200.4
3824201000-3824202000 rw-p 00001000 fd:02 181130                         /usr/lib64/libgthread-2.0.so.0.3200.4
3824400000-382444b000 r-xp 00000000 fd:02 181132                         /usr/lib64/libgobject-2.0.so.0.3200.4
382444b000-382464b000 ---p 0004b000 fd:02 181132                         /usr/lib64/libgobject-2.0.so.0.3200.4
382464b000-382464c000 r--p 0004b000 fd:02 181132                         /usr/lib64/libgobject-2.0.so.0.3200.4
382464c000-382464d000 rw-p 0004c000 fd:02 181132                         /usr/lib64/libgobject-2.0.so.0.3200.4
3824800000-3824807000 r-xp 00000000 fd:02 181131                         /usr/lib64/libffi.so.5.0.10
3824807000-3824a06000 ---p 00007000 fd:02 181131                         /usr/lib64/libffi.so.5.0.10
3824a06000-3824a07000 r--p 00006000 fd:02 181131                         /usr/lib64/libffi.so.5.0.10
3824a07000-3824a08000 rw-p 00007000 fd:02 181131                         /usr/lib64/libffi.so.5.0.10
3824c00000-3824c03000 r-xp 00000000 fd:02 181118                         /usr/lib64/libgmodule-2.0.so.0.3200.4
3824c03000-3824e02000 ---p 00003000 fd:02 181118                         /usr/lib64/libgmodule-2.0.so.0.3200.4
3824e02000-3824e03000 r--p 00002000 fd:02 181118                         /usr/lib64/libgmodule-2.0.so.0.3200.4
3824e03000-3824e04000 rw-p 00003000 fd:02 181118                         /usr/lib64/libgmodule-2.0.so.0.3200.4
3825000000-3825146000 r-xp 00000000 fd:02 181138                         /usr/lib64/libgio-2.0.so.0.3200.4
3825146000-3825345000 ---p 00146000 fd:02 181138                         /usr/lib64/libgio-2.0.so.0.3200.4
3825345000-3825349000 r--p 00145000 fd:02 181138                         /usr/lib64/libgio-2.0.so.0.3200.4
3825349000-382534b000 rw-p 00149000 fd:02 181138                         /usr/lib64/libgio-2.0.so.0.3200.4
382534b000-382534d000 rw-p 00000000 00:00 0 
3825400000-3825415000 r-xp 00000000 fd:02 181151                         /usr/lib64/libgcc_s-4.7.2-20120921.so.1
3825415000-3825614000 ---p 00015000 fd:02 181151                         /usr/lib64/libgcc_s-4.7.2-20120921.so.1
3825614000-3825615000 rw-p 00014000 fd:02 181151                         /usr/lib64/libgcc_s-4.7.2-20120921.so.1
3826c00000-3826c43000 r-xp 00000000 fd:02 181204                         /usr/lib64/libdbus-1.so.3.5.6
3826c43000-3826e42000 ---p 00043000 fd:02 181204                         /usr/lib64/libdbus-1.so.3.5.6
3826e42000-3826e43000 r--p 00042000 fd:02 181204                         /usr/lib64/libdbus-1.so.3.5.6
3826e43000-3826e44000 rw-p 00043000 fd:02 181204                         /usr/lib64/libdbus-1.so.3.5.6
382e800000-382e825000 r-xp 00000000 fd:02 170740                         /usr/lib64/libdbus-glib-1.so.2.2.2
382e825000-382ea25000 ---p 00025000 fd:02 170740                         /usr/lib64/libdbus-glib-1.so.2.2.2
382ea25000-382ea26000 r--p 00025000 fd:02 170740                         /usr/lib64/libdbus-glib-1.so.2.2.2
382ea26000-382ea27000 rw-p 00026000 fd:02 170740                         /usr/lib64/libdbus-glib-1.so.2.2.2
3831800000-383182f000 r-xp 00000000 fd:02 181207                         /usr/lib64/libgconf-2.so.4.1.5
383182f000-3831a2e000 ---p 0002f000 fd:02 181207                         /usr/lib64/libgconf-2.so.4.1.5
3831a2e000-3831a2f000 r--p 0002e000 fd:02 181207                         /usr/lib64/libgconf-2.so.4.1.5
3831a2f000-3831a30000 rw-p 0002f000 fd:02 181207                         /usr/lib64/libgconf-2.so.4.1.5
7f4460000000-7f4460021000 rw-p 00000000 00:00 0 
7f4460021000-7f4464000000 ---p 00000000 00:00 0 
7f4468000000-7f44680c7000 rw-p 00000000 00:00 0 
7f44680c7000-7f446c000000 ---p 00000000 00:00 0 
7f446c000000-7f446c040000 rw-p 00000000 00:00 0 
7f446c040000-7f4470000000 ---p 00000000 00:00 0 
7f4470000000-7f4470021000 rw-p 00000000 00:00 0 
7f4470021000-7f4474000000 ---p 00000000 00:00 0 
7f4474000000-7f447404a000 rw-p 00000000 00:00 0 
7f447404a000-7f4478000000 ---p 00000000 00:00 0 
7f4478000000-7f4478021000 rw-p 00000000 00:00 0 
7f4478021000-7f447c000000 ---p 00000000 00:00 0 
7f447c000000-7f447c021000 rw-p 00000000 00:00 0 
7f447c021000-7f4480000000 ---p 00000000 00:00 0 
7f4480000000-7f4480a6d000 rw-p 00000000 00:00 0 
7f4480a6d000-7f4484000000 ---p 00000000 00:00 0 
7f4484000000-7f4484ae6000 rw-p 00000000 00:00 0 
7f4484ae6000-7f4488000000 ---p 00000000 00:00 0 
7f4488000000-7f4488021000 rw-p 00000000 00:00 0 
7f4488021000-7f448c000000 ---p 00000000 00:00 0 
7f448dbd3000-7f4494000000 r--p 00000000 fd:02 181050                     /usr/lib/locale/locale-archive
7f4494000000-7f4494021000 rw-p 00000000 00:00 0 
7f4494021000-7f4498000000 ---p 00000000 00:00 0 
7f4498000000-7f4498021000 rw-p 00000000 00:00 0 
7f4498021000-7f449c000000 ---p 00000000 00:00 0 
7f449c000000-7f449c021000 rw-p 00000000 00:00 0 
7f449c021000-7f44a0000000 ---p 00000000 00:00 0 
7f44a0000000-7f44a0049000 rw-p 00000000 00:00 0 
7f44a0049000-7f44a4000000 ---p 00000000 00:00 0 
7f44a4000000-7f44a4021000 rw-p 00000000 00:00 0 
7f44a4021000-7f44a8000000 ---p 00000000 00:00 0 
7f44ac000000-7f44ac021000 rw-p 00000000 00:00 0 
7f44ac021000-7f44b0000000 ---p 00000000 00:00 0 
7f44b0e28000-7f44b0e2d000 r-xp 00000000 fd:02 135305                     /usr/lib64/libnss_dns-2.15.so
7f44b0e2d000-7f44b102d000 ---p 00005000 fd:02 135305                     /usr/lib64/libnss_dns-2.15.so
7f44b102d000-7f44b102e000 r--p 00005000 fd:02 135305                     /usr/lib64/libnss_dns-2.15.so
7f44b102e000-7f44b102f000 rw-p 00006000 fd:02 135305                     /usr/lib64/libnss_dns-2.15.so
7f44b102f000-7f44b1031000 r-xp 00000000 fd:02 55714                      /usr/lib64/libnss_mdns4_minimal.so.2
7f44b1031000-7f44b1230000 ---p 00002000 fd:02 55714                      /usr/lib64/libnss_mdns4_minimal.so.2
7f44b1230000-7f44b1231000 r--p 00001000 fd:02 55714                      /usr/lib64/libnss_mdns4_minimal.so.2
7f44b1231000-7f44b1232000 rw-p 00002000 fd:02 55714                      /usr/lib64/libnss_mdns4_minimal.so.2
7f44b1252000-7f44b1255000 ---p 00000000 00:00 0 
7f44b1255000-7f44b1353000 rw-p 00000000 00:00 0                          [stack:14888]
7f44b1353000-7f44b1356000 ---p 00000000 00:00 0 
7f44b1356000-7f44b1454000 rw-p 00000000 00:00 0                          [stack:14887]
7f44b1454000-7f44b1458000 r--s 0002d000 fd:02 394068                     /usr/java/jdk1.7.0_06/jre/lib/ext/sunjce_provider.jar
7f44b1458000-7f44b148a000 r-xp 00000000 fd:02 393928                     /usr/java/jdk1.7.0_06/jre/lib/amd64/libsunec.so
7f44b148a000-7f44b1689000 ---p 00032000 fd:02 393928                     /usr/java/jdk1.7.0_06/jre/lib/amd64/libsunec.so
7f44b1689000-7f44b168f000 rw-p 00031000 fd:02 393928                     /usr/java/jdk1.7.0_06/jre/lib/amd64/libsunec.so
7f44b168f000-7f44b169f000 rw-p 00000000 00:00 0 
7f44b169f000-7f44b16a0000 r--s 00003000 fd:02 394067                     /usr/java/jdk1.7.0_06/jre/lib/ext/sunec.jar
7f44b16a0000-7f44b16a4000 r--s 00037000 fd:02 394069                     /usr/java/jdk1.7.0_06/jre/lib/ext/sunpkcs11.jar
7f44b16a4000-7f44b16a7000 r--s 00018000 fd:02 394113                     /usr/java/jdk1.7.0_06/jre/lib/jce.jar
7f44b16a7000-7f44b16aa000 ---p 00000000 00:00 0 
7f44b16aa000-7f44b17a8000 rw-p 00000000 00:00 0                          [stack:14886]
7f44b17a8000-7f44b17ab000 ---p 00000000 00:00 0 
7f44b17ab000-7f44b18a9000 rw-p 00000000 00:00 0                          [stack:14885]
7f44b18a9000-7f44b18ac000 ---p 00000000 00:00 0 
7f44b18ac000-7f44b1902000 rw-p 00000000 00:00 0                          [stack:14883]
7f44b1902000-7f44b1917000 r-xp 00000000 fd:02 393919                     /usr/java/jdk1.7.0_06/jre/lib/amd64/libnet.so
7f44b1917000-7f44b1b17000 ---p 00015000 fd:02 393919                     /usr/java/jdk1.7.0_06/jre/lib/amd64/libnet.so
7f44b1b17000-7f44b1b18000 rw-p 00015000 fd:02 393919                     /usr/java/jdk1.7.0_06/jre/lib/amd64/libnet.so
7f44b1b18000-7f44b1b28000 r-xp 00000000 fd:02 393920                     /usr/java/jdk1.7.0_06/jre/lib/amd64/libnio.so
7f44b1b28000-7f44b1d28000 ---p 00010000 fd:02 393920                     /usr/java/jdk1.7.0_06/jre/lib/amd64/libnio.so
7f44b1d28000-7f44b1d29000 rw-p 00010000 fd:02 393920                     /usr/java/jdk1.7.0_06/jre/lib/amd64/libnio.so
7f44b1d29000-7f44b1d2e000 r--s 00020000 fd:03 5377184                    /home/daniel/netbeans-7.2/java/maven/lib/maven-model-builder-3.0.4.jar
7f44b1d2e000-7f44b1d2f000 ---p 00000000 00:00 0 
7f44b1d2f000-7f44b1e2f000 rw-p 00000000 00:00 0                          [stack:14878]
7f44b1e2f000-7f44b1e32000 ---p 00000000 00:00 0 
7f44b1e32000-7f44b4000000 rw-p 00000000 00:00 0                          [stack:14877]
7f44b4000000-7f44b4021000 rw-p 00000000 00:00 0 
7f44b4021000-7f44b8000000 ---p 00000000 00:00 0 
7f44b8000000-7f44b8001000 rw-p 00000000 00:00 0 
7f44b8001000-7f44b8002000 r--p 00000000 00:00 0 
7f44b8002000-7f44b8004000 r--s 00006000 fd:03 5377111                    /home/daniel/netbeans-7.2/java/maven/lib/aether-connector-wagon-1.13.1.jar
7f44b8004000-7f44b800c000 r--s 0004e000 fd:03 5377219                    /home/daniel/netbeans-7.2/java/maven/lib/sisu-guice-3.1.0-no_aop.jar
7f44b800c000-7f44b8012000 r--s 0003e000 fd:03 5377258                    /home/daniel/netbeans-7.2/java/maven/lib/maven-compat-3.0.4.jar
7f44b8012000-7f44b8013000 r--s 00003000 fd:03 5377267                    /home/daniel/netbeans-7.2/java/maven/lib/aether-spi-1.13.1.jar
7f44b8013000-7f44b8019000 r--s 0002b000 fd:03 5377202                    /home/daniel/netbeans-7.2/java/maven/lib/sisu-inject-plexus-2.3.0.jar
7f44b8019000-7f44b801c000 r--s 0001d000 fd:03 5377257                    /home/daniel/netbeans-7.2/java/maven/lib/aether-impl-1.13.1.jar
7f44b801c000-7f44b802e000 r--s 0009c000 fd:03 5377238                    /home/daniel/netbeans-7.2/java/maven/lib/wagon-http-2.2-shaded.jar
7f44b802e000-7f44b804c000 r--s 0014f000 fd:03 5377277                    /home/daniel/netbeans-7.2/java/maven/lib/sisu-guava-0.9.9.jar
7f44b804c000-7f44b804f000 ---p 00000000 00:00 0 
7f44b804f000-7f44b814d000 rw-p 00000000 00:00 0                          [stack:14876]
7f44b814d000-7f44b8150000 ---p 00000000 00:00 0 
7f44b8150000-7f44b824e000 rw-p 00000000 00:00 0                          [stack:14875]
7f44b824e000-7f44b8251000 ---p 00000000 00:00 0 
7f44b8251000-7f44b834f000 rw-p 00000000 00:00 0                          [stack:14874]
7f44b834f000-7f44b8352000 ---p 00000000 00:00 0 
7f44b8352000-7f44b8450000 rw-p 00000000 00:00 0                          [stack:14873]
7f44b8450000-7f44b8453000 ---p 00000000 00:00 0 
7f44b8453000-7f44b8551000 rw-p 00000000 00:00 0                          [stack:14872]
7f44b8551000-7f44b8552000 ---p 00000000 00:00 0 
7f44b8552000-7f44b9000000 rw-p 00000000 00:00 0                          [stack:14871]
7f44b9000000-7f44b9270000 rwxp 00000000 00:00 0 
7f44b9270000-7f44bc692000 rw-p 00000000 00:00 0 
7f44bc692000-7f44c0000000 ---p 00000000 00:00 0 
7f44c0000000-7f44c0004000 r--s 00041000 fd:02 394119                     /usr/java/jdk1.7.0_06/jre/lib/jsse.jar
7f44c0004000-7f44c0007000 r--s 00033000 fd:03 5377259                    /home/daniel/netbeans-7.2/java/maven/lib/plexus-utils-2.0.6.jar
7f44c0007000-7f44c000b000 r--s 0001c000 fd:03 5377260                    /home/daniel/netbeans-7.2/java/maven/lib/aether-util-1.13.1.jar
7f44c000b000-7f44c0686000 rw-p 00000000 00:00 0 
7f44c0686000-7f44c0853000 r--s 01ac0000 fd:02 394185                     /usr/java/jdk1.7.0_06/jre/lib/rt.jar
7f44c0853000-7f44c10af000 rw-p 00000000 00:00 0 
7f44c10af000-7f44c10b0000 ---p 00000000 00:00 0 
7f44c10b0000-7f44c11b0000 rw-p 00000000 00:00 0                          [stack:14870]
7f44c11b0000-7f44c11b1000 ---p 00000000 00:00 0 
7f44c11b1000-7f44c12b1000 rw-p 00000000 00:00 0                          [stack:14869]
7f44c12b1000-7f44c12b2000 ---p 00000000 00:00 0 
7f44c12b2000-7f44c13b2000 rw-p 00000000 00:00 0                          [stack:14868]
7f44c13b2000-7f44c13b3000 ---p 00000000 00:00 0 
7f44c13b3000-7f44c14be000 rw-p 00000000 00:00 0                          [stack:14867]
7f44c14be000-7f44c14dc000 rw-p 00000000 00:00 0 
7f44c14dc000-7f44c14f1000 rw-p 00000000 00:00 0 
7f44c14f1000-7f44c161f000 rw-p 00000000 00:00 0 
7f44c161f000-7f44c162a000 rw-p 00000000 00:00 0 
7f44c162a000-7f44c1648000 rw-p 00000000 00:00 0 
7f44c1648000-7f44c165d000 rw-p 00000000 00:00 0 
7f44c165d000-7f44c178a000 rw-p 00000000 00:00 0 
7f44c178a000-7f44c17a0000 rw-p 00000000 00:00 0 
7f44c17a0000-7f44c182c000 rw-p 00000000 00:00 0 
7f44c182c000-7f44c1837000 rw-p 00000000 00:00 0 
7f44c1837000-7f44c18ed000 rw-p 00000000 00:00 0 
7f44c18ed000-7f44c1907000 r-xp 00000000 fd:02 393934                     /usr/java/jdk1.7.0_06/jre/lib/amd64/libzip.so
7f44c1907000-7f44c1b07000 ---p 0001a000 fd:02 393934                     /usr/java/jdk1.7.0_06/jre/lib/amd64/libzip.so
7f44c1b07000-7f44c1b08000 rw-p 0001a000 fd:02 393934                     /usr/java/jdk1.7.0_06/jre/lib/amd64/libzip.so
7f44c1b08000-7f44c1b14000 r-xp 00000000 fd:02 164427                     /usr/lib64/libnss_files-2.15.so
7f44c1b14000-7f44c1d13000 ---p 0000c000 fd:02 164427                     /usr/lib64/libnss_files-2.15.so
7f44c1d13000-7f44c1d14000 r--p 0000b000 fd:02 164427                     /usr/lib64/libnss_files-2.15.so
7f44c1d14000-7f44c1d15000 rw-p 0000c000 fd:02 164427                     /usr/lib64/libnss_files-2.15.so
7f44c1d15000-7f44c1d16000 r--s 00002000 fd:03 5377287                    /home/daniel/netbeans-7.2/java/maven/lib/wagon-file-2.2.jar
7f44c1d16000-7f44c1d18000 r--s 00009000 fd:03 5377243                    /home/daniel/netbeans-7.2/java/maven/lib/maven-embedder-3.0.4.jar
7f44c1d18000-7f44c1d1f000 r--s 0003e000 fd:03 5377229                    /home/daniel/netbeans-7.2/java/maven/lib/sisu-inject-bean-2.3.0.jar
7f44c1d1f000-7f44c1d22000 r--s 00008000 fd:03 5377134                    /home/daniel/netbeans-7.2/java/maven/lib/maven-settings-builder-3.0.4.jar
7f44c1d22000-7f44c1d24000 r--s 0000a000 fd:03 5377230                    /home/daniel/netbeans-7.2/java/maven/lib/maven-plugin-api-3.0.4.jar
7f44c1d24000-7f44c1d26000 r--s 0000b000 fd:03 5377228                    /home/daniel/netbeans-7.2/java/maven/lib/wagon-provider-api-2.2.jar
7f44c1d26000-7f44c1d28000 r--s 00000000 fd:03 5376951                    /home/daniel/netbeans-7.2/java/maven/lib/plexus-component-annotations-1.5.5.jar
7f44c1d28000-7f44c1d2a000 r--s 0000b000 fd:03 5377242                    /home/daniel/netbeans-7.2/java/maven/lib/maven-artifact-3.0.4.jar
7f44c1d2a000-7f44c1d2d000 r--s 00025000 fd:03 5377266                    /home/daniel/netbeans-7.2/java/maven/lib/maven-model-3.0.4.jar
7f44c1d2d000-7f44c1d35000 rw-s 00000000 fd:02 1318548                    /tmp/hsperfdata_daniel/14863
7f44c1d35000-7f44c1d5e000 r-xp 00000000 fd:02 393899                     /usr/java/jdk1.7.0_06/jre/lib/amd64/libjava.so
7f44c1d5e000-7f44c1f5e000 ---p 00029000 fd:02 393899                     /usr/java/jdk1.7.0_06/jre/lib/amd64/libjava.so
7f44c1f5e000-7f44c1f60000 rw-p 00029000 fd:02 393899                     /usr/java/jdk1.7.0_06/jre/lib/amd64/libjava.so
7f44c1f60000-7f44c1f6d000 r-xp 00000000 fd:02 393933                     /usr/java/jdk1.7.0_06/jre/lib/amd64/libverify.so
7f44c1f6d000-7f44c216c000 ---p 0000d000 fd:02 393933                     /usr/java/jdk1.7.0_06/jre/lib/amd64/libverify.so
7f44c216c000-7f44c216e000 rw-p 0000c000 fd:02 393933                     /usr/java/jdk1.7.0_06/jre/lib/amd64/libverify.so
7f44c216e000-7f44c2171000 ---p 00000000 00:00 0 
7f44c2171000-7f44c226f000 rw-p 00000000 00:00 0                          [stack:14866]
7f44c226f000-7f44c2cb6000 r-xp 00000000 fd:02 393938                     /usr/java/jdk1.7.0_06/jre/lib/amd64/server/libjvm.so
7f44c2cb6000-7f44c2eb5000 ---p 00a47000 fd:02 393938                     /usr/java/jdk1.7.0_06/jre/lib/amd64/server/libjvm.so
7f44c2eb5000-7f44c2f58000 rw-p 00a46000 fd:02 393938                     /usr/java/jdk1.7.0_06/jre/lib/amd64/server/libjvm.so
7f44c2f58000-7f44c2f97000 rw-p 00000000 00:00 0 
7f44c2f97000-7f44c2fad000 r-xp 00000000 fd:02 393879                     /usr/java/jdk1.7.0_06/jre/lib/amd64/jli/libjli.so
7f44c2fad000-7f44c31ac000 ---p 00016000 fd:02 393879                     /usr/java/jdk1.7.0_06/jre/lib/amd64/jli/libjli.so
7f44c31ac000-7f44c31ad000 rw-p 00015000 fd:02 393879                     /usr/java/jdk1.7.0_06/jre/lib/amd64/jli/libjli.so
7f44c31ad000-7f44c31ae000 rw-p 00000000 00:00 0 
7f44c31ae000-7f44c31b0000 r--s 00006000 fd:03 5377050                    /home/daniel/netbeans-7.2/java/maven/lib/maven-repository-metadata-3.0.4.jar
7f44c31b0000-7f44c31bc000 r--s 0007b000 fd:03 5377278                    /home/daniel/netbeans-7.2/java/maven/lib/maven-core-3.0.4.jar
7f44c31bc000-7f44c31be000 r--s 00002000 fd:03 5377265                    /home/daniel/netbeans-7.2/java/maven/lib/plexus-cipher-1.7.jar
7f44c31be000-7f44c31c0000 r--s 0000a000 fd:03 5377241                    /home/daniel/netbeans-7.2/java/maven/lib/maven-settings-3.0.4.jar
7f44c31c0000-7f44c31c2000 r--s 0000c000 fd:03 5377154                    /home/daniel/netbeans-7.2/java/maven/lib/maven-aether-provider-3.0.4.jar
7f44c31c2000-7f44c31c3000 r--s 00009000 fd:03 5377284                    /home/daniel/netbeans-7.2/java/maven/lib/commons-cli-1.2.jar
7f44c31c3000-7f44c31c4000 r--s 00006000 fd:03 5377185                    /home/daniel/netbeans-7.2/java/maven/lib/plexus-sec-dispatcher-1.3.jar
7f44c31c4000-7f44c31c8000 r--s 00012000 fd:03 5377268                    /home/daniel/netbeans-7.2/java/maven/lib/aether-api-1.13.1.jar
7f44c31c8000-7f44c31ca000 r--s 0000d000 fd:03 5377183                    /home/daniel/netbeans-7.2/java/maven/lib/plexus-interpolation-1.14.jar
7f44c31ca000-7f44c31cc000 r--s 0000a000 fd:03 5377218                    /home/daniel/netbeans-7.2/java/maven/boot/plexus-classworlds-2.4.jar
7f44c31cc000-7f44c31cd000 rw-p 00000000 00:00 0 
7f44c31cd000-7f44c31ce000 r--p 00000000 00:00 0 
7f44c31ce000-7f44c31cf000 rw-p 00000000 00:00 0 
7fffa55c4000-7fffa55e5000 rw-p 00000000 00:00 0                          [stack]
7fffa55ff000-7fffa5600000 r-xp 00000000 00:00 0                          [vdso]
ffffffffff600000-ffffffffff601000 r-xp 00000000 00:00 0                  [vsyscall]

VM Arguments:
jvm_args: -Dclassworlds.conf=/home/daniel/netbeans-7.2/java/maven/bin/m2.conf -Dmaven.home=/home/daniel/netbeans-7.2/java/maven 
java_command: org.codehaus.plexus.classworlds.launcher.Launcher -Dexec.args=-classpath %classpath de.dheinrich.sandbox.ResourceLoading -Dexec.executable=/usr/java/latest/bin/java -Dexec.classpathScope=runtime --debug -T 1C -Djava.net.useSystemProxies=true -X -Xdebug -Xnoagent -Xrunjdwp:transport=dt_socket,server=y,suspend=y,address=8000 process-classes org.codehaus.mojo:exec-maven-plugin:1.2:exec
Launcher Type: SUN_STANDARD

Environment Variables:
JAVA_HOME=/usr/java/latest
PATH=/usr/lib64/qt-3.3/bin:/usr/lib64/ccache:/usr/local/bin:/usr/bin:/bin:/usr/local/sbin:/usr/sbin:/home/daniel/.local/bin:/home/daniel/bin
USERNAME=daniel
LD_LIBRARY_PATH=/usr/java/latest/jre/lib/amd64:/usr/java/latest/jre/lib/i386:
SHELL=/bin/bash
DISPLAY=:1

Signal Handlers:
SIGSEGV: [libjvm.so+0x8a5a80], sa_mask[0]=0x7ffbfeff, sa_flags=0x10000004
SIGBUS: [libjvm.so+0x8a5a80], sa_mask[0]=0x7ffbfeff, sa_flags=0x10000004
SIGFPE: [libjvm.so+0x741b60], sa_mask[0]=0x7ffbfeff, sa_flags=0x10000004
SIGPIPE: [libjvm.so+0x741b60], sa_mask[0]=0x7ffbfeff, sa_flags=0x10000004
SIGXFSZ: [libjvm.so+0x741b60], sa_mask[0]=0x7ffbfeff, sa_flags=0x10000004
SIGILL: [libjvm.so+0x741b60], sa_mask[0]=0x7ffbfeff, sa_flags=0x10000004
SIGUSR1: SIG_DFL, sa_mask[0]=0x00000000, sa_flags=0x00000000
SIGUSR2: [libjvm.so+0x7414b0], sa_mask[0]=0x00000004, sa_flags=0x10000004
SIGHUP: [libjvm.so+0x743840], sa_mask[0]=0x7ffbfeff, sa_flags=0x10000004
SIGINT: SIG_IGN, sa_mask[0]=0x00000000, sa_flags=0x00000000
SIGTERM: [libjvm.so+0x743840], sa_mask[0]=0x7ffbfeff, sa_flags=0x10000004
SIGQUIT: [libjvm.so+0x743840], sa_mask[0]=0x7ffbfeff, sa_flags=0x10000004


---------------  S Y S T E M  ---------------

OS:Fedora release 17 (Beefy Miracle)

uname:Linux 3.6.11-1.fc17.x86_64 #1 SMP Mon Dec 17 22:16:35 UTC 2012 x86_64
libc:glibc 2.15 NPTL 2.15 
rlimit: STACK 8192k, CORE 0k, NPROC 1024, NOFILE 4096, AS infinity
load average:3,01 1,72 1,18

/proc/meminfo:
MemTotal:        3958952 kB
MemFree:          110536 kB
Buffers:           40884 kB
Cached:           802336 kB
SwapCached:       222840 kB
Active:          2421376 kB
Inactive:        1136440 kB
Active(anon):    2144680 kB
Inactive(anon):   835616 kB
Active(file):     276696 kB
Inactive(file):   300824 kB
Unevictable:         368 kB
Mlocked:             368 kB
SwapTotal:       6062076 kB
SwapFree:        5510148 kB
Dirty:             43272 kB
Writeback:             0 kB
AnonPages:       2509620 kB
Mapped:           131348 kB
Shmem:            265612 kB
Slab:             132576 kB
SReclaimable:      71704 kB
SUnreclaim:        60872 kB
KernelStack:        4920 kB
PageTables:        77548 kB
NFS_Unstable:          0 kB
Bounce:                0 kB
WritebackTmp:          0 kB
CommitLimit:     8041552 kB
Committed_AS:    7389860 kB
VmallocTotal:   34359738367 kB
VmallocUsed:      373100 kB
VmallocChunk:   34359358880 kB
HardwareCorrupted:     0 kB
AnonHugePages:    993280 kB
HugePages_Total:       0
HugePages_Free:        0
HugePages_Rsvd:        0
HugePages_Surp:        0
Hugepagesize:       2048 kB
DirectMap4k:       90100 kB
DirectMap2M:     4020224 kB


CPU:total 4 (2 cores per cpu, 2 threads per core) family 6 model 42 stepping 7, cmov, cx8, fxsr, mmx, sse, sse2, sse3, ssse3, sse4.1, sse4.2, popcnt, avx, ht, tsc, tscinvbit

/proc/cpuinfo:
processor	: 0
vendor_id	: GenuineIntel
cpu family	: 6
model		: 42
model name	: Intel(R) Core(TM) i5-2430M CPU @ 2.40GHz
stepping	: 7
microcode	: 0x28
cpu MHz		: 800.000
cache size	: 3072 KB
physical id	: 0
siblings	: 4
core id		: 0
cpu cores	: 2
apicid		: 0
initial apicid	: 0
fpu		: yes
fpu_exception	: yes
cpuid level	: 13
wp		: yes
flags		: fpu vme de pse tsc msr pae mce cx8 apic sep mtrr pge mca cmov pat pse36 clflush dts acpi mmx fxsr sse sse2 ss ht tm pbe syscall nx rdtscp lm constant_tsc arch_perfmon pebs bts rep_good nopl xtopology nonstop_tsc aperfmperf pni pclmulqdq dtes64 monitor ds_cpl vmx est tm2 ssse3 cx16 xtpr pdcm pcid sse4_1 sse4_2 x2apic popcnt tsc_deadline_timer xsave avx lahf_lm ida arat epb xsaveopt pln pts dtherm tpr_shadow vnmi flexpriority ept vpid
bogomips	: 4789.40
clflush size	: 64
cache_alignment	: 64
address sizes	: 36 bits physical, 48 bits virtual
power management:

processor	: 1
vendor_id	: GenuineIntel
cpu family	: 6
model		: 42
model name	: Intel(R) Core(TM) i5-2430M CPU @ 2.40GHz
stepping	: 7
microcode	: 0x28
cpu MHz		: 800.000
cache size	: 3072 KB
physical id	: 0
siblings	: 4
core id		: 1
cpu cores	: 2
apicid		: 2
initial apicid	: 2
fpu		: yes
fpu_exception	: yes
cpuid level	: 13
wp		: yes
flags		: fpu vme de pse tsc msr pae mce cx8 apic sep mtrr pge mca cmov pat pse36 clflush dts acpi mmx fxsr sse sse2 ss ht tm pbe syscall nx rdtscp lm constant_tsc arch_perfmon pebs bts rep_good nopl xtopology nonstop_tsc aperfmperf pni pclmulqdq dtes64 monitor ds_cpl vmx est tm2 ssse3 cx16 xtpr pdcm pcid sse4_1 sse4_2 x2apic popcnt tsc_deadline_timer xsave avx lahf_lm ida arat epb xsaveopt pln pts dtherm tpr_shadow vnmi flexpriority ept vpid
bogomips	: 4789.40
clflush size	: 64
cache_alignment	: 64
address sizes	: 36 bits physical, 48 bits virtual
power management:

processor	: 2
vendor_id	: GenuineIntel
cpu family	: 6
model		: 42
model name	: Intel(R) Core(TM) i5-2430M CPU @ 2.40GHz
stepping	: 7
microcode	: 0x28
cpu MHz		: 800.000
cache size	: 3072 KB
physical id	: 0
siblings	: 4
core id		: 0
cpu cores	: 2
apicid		: 1
initial apicid	: 1
fpu		: yes
fpu_exception	: yes
cpuid level	: 13
wp		: yes
flags		: fpu vme de pse tsc msr pae mce cx8 apic sep mtrr pge mca cmov pat pse36 clflush dts acpi mmx fxsr sse sse2 ss ht tm pbe syscall nx rdtscp lm constant_tsc arch_perfmon pebs bts rep_good nopl xtopology nonstop_tsc aperfmperf pni pclmulqdq dtes64 monitor ds_cpl vmx est tm2 ssse3 cx16 xtpr pdcm pcid sse4_1 sse4_2 x2apic popcnt tsc_deadline_timer xsave avx lahf_lm ida arat epb xsaveopt pln pts dtherm tpr_shadow vnmi flexpriority ept vpid
bogomips	: 4789.40
clflush size	: 64
cache_alignment	: 64
address sizes	: 36 bits physical, 48 bits virtual
power management:

processor	: 3
vendor_id	: GenuineIntel
cpu family	: 6
model		: 42
model name	: Intel(R) Core(TM) i5-2430M CPU @ 2.40GHz
stepping	: 7
microcode	: 0x28
cpu MHz		: 800.000
cache size	: 3072 KB
physical id	: 0
siblings	: 4
core id		: 1
cpu cores	: 2
apicid		: 3
initial apicid	: 3
fpu		: yes
fpu_exception	: yes
cpuid level	: 13
wp		: yes
flags		: fpu vme de pse tsc msr pae mce cx8 apic sep mtrr pge mca cmov pat pse36 clflush dts acpi mmx fxsr sse sse2 ss ht tm pbe syscall nx rdtscp lm constant_tsc arch_perfmon pebs bts rep_good nopl xtopology nonstop_tsc aperfmperf pni pclmulqdq dtes64 monitor ds_cpl vmx est tm2 ssse3 cx16 xtpr pdcm pcid sse4_1 sse4_2 x2apic popcnt tsc_deadline_timer xsave avx lahf_lm ida arat epb xsaveopt pln pts dtherm tpr_shadow vnmi flexpriority ept vpid
bogomips	: 4789.40
clflush size	: 64
cache_alignment	: 64
address sizes	: 36 bits physical, 48 bits virtual
power management:



Memory: 4k page, physical 3958952k(110536k free), swap 6062076k(5510148k free)

vm_info: Java HotSpot(TM) 64-Bit Server VM (23.2-b09) for linux-amd64 JRE (1.7.0_06-b24), built on Aug  9 2012 19:49:48 by "java_re" with gcc 4.3.0 20080428 (Red Hat 4.3.0-8)

time: Sun Jan 27 13:55:07 2013
elapsed time: 20 seconds

